<?xml version="1.0" encoding="UTF-8"?>
<!-- Generated by org.testng.reporters.JUnitReportReporter -->
<testsuite hostname="DESKTOP-SK7OUTH" failures="0" tests="1" name="com.acemoney.basics" time="0.019" errors="0" timestamp="2021-04-08T00:15:04 GMT-07:00" skipped="0">
  <testcase classname="com.acemoney.basics" name="verifyTitle" time="0.019"/>
  <system-out/>
</testsuite> <!-- com.acemoney.basics -->
